nohup: ignoring input
Using Theano backend.
Using gpu device 0: GeForce GTX TITAN X (CNMeM is enabled with initial size: 95.0% of memory, cuDNN 5103)
/home/ganesh/research/tools/Theano/theano/sandbox/cuda/__init__.py:599: UserWarning: Your cuDNN version is more recent than the one Theano officially supports. If you see any problems, try updating Theano or downgrading cuDNN to version 5.
  warnings.warn(warn)
1000
2000
3000
4000
5000
6000
7000
8000
9000
10000
11000
12000
13000
14000
15000
16000
17000
18000
19000
20000
21000
22000
23000
24000
25000
26000
27000
28000
29000
30000
31000
32000
33000
34000
35000
36000
37000
38000
39000
40000
41000
42000
43000
44000
45000
46000
47000
48000
49000
50000
51000
52000
53000
54000
55000
56000
57000
58000
59000
60000
61000
62000
63000
64000
65000
66000
67000
68000
69000
70000
71000
72000
73000
74000
75000
76000
77000
78000
79000
80000
81000
82000
83000
84000
85000
86000
87000
88000
89000
90000
91000
92000
93000
94000
95000
96000
97000
98000
99000
100000
101000
102000
103000
104000
105000
106000
107000
108000
109000
110000
111000
112000
113000
114000
115000
116000
117000
118000
119000
120000
121000
122000
123000
124000
125000
126000
127000
128000
129000
130000
131000
132000
133000
134000
135000
136000
137000
138000
139000
140000
141000
142000
143000
144000
145000
146000
147000
148000
149000
150000
151000
152000
153000
154000
155000
156000
157000
158000
159000
160000
161000
162000
163000
164000
165000
166000
167000
168000
169000
170000
171000
172000
173000
174000
175000
176000
177000
178000
179000
180000
181000
182000
183000
184000
185000
186000
187000
188000
189000
190000
191000
192000
193000
194000
195000
196000
197000
198000
199000
200000
201000
202000
203000
204000
205000
206000
207000
208000
209000
210000
211000
212000
213000
214000
215000
216000
217000
218000
219000
220000
221000
222000
223000
224000
225000
226000
227000
228000
229000
230000
231000
232000
233000
234000
235000
236000
237000
238000
239000
240000
1000
2000
3000
4000
5000
6000
7000
8000
9000
10000
11000
12000
13000
14000
15000
16000
17000
18000
19000
20000
21000
22000
23000
24000
25000
26000
27000
28000
29000
30000
1000
2000
3000
4000
5000
6000
7000
8000
9000
10000
11000
12000
13000
14000
15000
16000
17000
18000
19000
20000
21000
22000
23000
24000
25000
26000
27000
28000
29000
30000
(240800, 39)
Now building model
Now training the model...
Train on 240800 samples, validate on 30100 samples
Epoch 1/200
0s - loss: 1.8400 - categorical_accuracy: 0.3578 - val_loss: 1.6994 - val_categorical_accuracy: 0.4013
Epoch 2/200
0s - loss: 1.6670 - categorical_accuracy: 0.4078 - val_loss: 1.6552 - val_categorical_accuracy: 0.4134
Epoch 3/200
0s - loss: 1.6386 - categorical_accuracy: 0.4178 - val_loss: 1.6298 - val_categorical_accuracy: 0.4217
Epoch 4/200
0s - loss: 1.6142 - categorical_accuracy: 0.4290 - val_loss: 1.6062 - val_categorical_accuracy: 0.4302
Epoch 5/200
0s - loss: 1.5879 - categorical_accuracy: 0.4405 - val_loss: 1.5801 - val_categorical_accuracy: 0.4421
Epoch 6/200
0s - loss: 1.5626 - categorical_accuracy: 0.4500 - val_loss: 1.5586 - val_categorical_accuracy: 0.4513
Epoch 7/200
0s - loss: 1.5386 - categorical_accuracy: 0.4598 - val_loss: 1.5365 - val_categorical_accuracy: 0.4603
Epoch 8/200
0s - loss: 1.5185 - categorical_accuracy: 0.4663 - val_loss: 1.5220 - val_categorical_accuracy: 0.4649
Epoch 9/200
0s - loss: 1.4986 - categorical_accuracy: 0.4739 - val_loss: 1.5027 - val_categorical_accuracy: 0.4700
Epoch 10/200
0s - loss: 1.4809 - categorical_accuracy: 0.4794 - val_loss: 1.4859 - val_categorical_accuracy: 0.4754
Epoch 11/200
0s - loss: 1.4649 - categorical_accuracy: 0.4849 - val_loss: 1.4775 - val_categorical_accuracy: 0.4786
Epoch 12/200
0s - loss: 1.4514 - categorical_accuracy: 0.4884 - val_loss: 1.4578 - val_categorical_accuracy: 0.4865
Epoch 13/200
0s - loss: 1.4347 - categorical_accuracy: 0.4950 - val_loss: 1.4488 - val_categorical_accuracy: 0.4864
Epoch 14/200
0s - loss: 1.4245 - categorical_accuracy: 0.4981 - val_loss: 1.4372 - val_categorical_accuracy: 0.4915
Epoch 15/200
0s - loss: 1.4139 - categorical_accuracy: 0.5009 - val_loss: 1.4304 - val_categorical_accuracy: 0.4949
Epoch 16/200
0s - loss: 1.4035 - categorical_accuracy: 0.5044 - val_loss: 1.4218 - val_categorical_accuracy: 0.4980
Epoch 17/200
0s - loss: 1.3947 - categorical_accuracy: 0.5077 - val_loss: 1.4195 - val_categorical_accuracy: 0.4966
Epoch 18/200
0s - loss: 1.3846 - categorical_accuracy: 0.5112 - val_loss: 1.4087 - val_categorical_accuracy: 0.5018
Epoch 19/200
0s - loss: 1.3763 - categorical_accuracy: 0.5143 - val_loss: 1.4036 - val_categorical_accuracy: 0.5039
Epoch 20/200
0s - loss: 1.3692 - categorical_accuracy: 0.5163 - val_loss: 1.3969 - val_categorical_accuracy: 0.5063
Epoch 21/200
0s - loss: 1.3619 - categorical_accuracy: 0.5182 - val_loss: 1.3936 - val_categorical_accuracy: 0.5085
Epoch 22/200
0s - loss: 1.3552 - categorical_accuracy: 0.5211 - val_loss: 1.3873 - val_categorical_accuracy: 0.5091
Epoch 23/200
0s - loss: 1.3471 - categorical_accuracy: 0.5245 - val_loss: 1.3838 - val_categorical_accuracy: 0.5098
Epoch 24/200
0s - loss: 1.3436 - categorical_accuracy: 0.5247 - val_loss: 1.3804 - val_categorical_accuracy: 0.5109
Epoch 25/200
0s - loss: 1.3365 - categorical_accuracy: 0.5272 - val_loss: 1.3784 - val_categorical_accuracy: 0.5135
Epoch 26/200
0s - loss: 1.3304 - categorical_accuracy: 0.5298 - val_loss: 1.3777 - val_categorical_accuracy: 0.5134
Epoch 27/200
0s - loss: 1.3274 - categorical_accuracy: 0.5307 - val_loss: 1.3727 - val_categorical_accuracy: 0.5148
Epoch 28/200
0s - loss: 1.3212 - categorical_accuracy: 0.5321 - val_loss: 1.3728 - val_categorical_accuracy: 0.5112
Epoch 29/200
0s - loss: 1.3154 - categorical_accuracy: 0.5354 - val_loss: 1.3694 - val_categorical_accuracy: 0.5159
Epoch 30/200
0s - loss: 1.3118 - categorical_accuracy: 0.5369 - val_loss: 1.3693 - val_categorical_accuracy: 0.5140
Epoch 31/200
0s - loss: 1.3061 - categorical_accuracy: 0.5377 - val_loss: 1.3650 - val_categorical_accuracy: 0.5183
Epoch 32/200
0s - loss: 1.3016 - categorical_accuracy: 0.5400 - val_loss: 1.3619 - val_categorical_accuracy: 0.5206
Epoch 33/200
0s - loss: 1.2989 - categorical_accuracy: 0.5401 - val_loss: 1.3655 - val_categorical_accuracy: 0.5163
Epoch 34/200
0s - loss: 1.2947 - categorical_accuracy: 0.5431 - val_loss: 1.3571 - val_categorical_accuracy: 0.5206
Epoch 35/200
0s - loss: 1.2913 - categorical_accuracy: 0.5434 - val_loss: 1.3572 - val_categorical_accuracy: 0.5193
Epoch 36/200
0s - loss: 1.2876 - categorical_accuracy: 0.5446 - val_loss: 1.3592 - val_categorical_accuracy: 0.5208
Epoch 37/200
0s - loss: 1.2828 - categorical_accuracy: 0.5463 - val_loss: 1.3593 - val_categorical_accuracy: 0.5187
Epoch 38/200
0s - loss: 1.2799 - categorical_accuracy: 0.5475 - val_loss: 1.3564 - val_categorical_accuracy: 0.5206
Epoch 39/200
0s - loss: 1.2761 - categorical_accuracy: 0.5494 - val_loss: 1.3538 - val_categorical_accuracy: 0.5218
Epoch 40/200
0s - loss: 1.2739 - categorical_accuracy: 0.5503 - val_loss: 1.3603 - val_categorical_accuracy: 0.5172
Epoch 41/200
0s - loss: 1.2709 - categorical_accuracy: 0.5505 - val_loss: 1.3525 - val_categorical_accuracy: 0.5202
Epoch 42/200
0s - loss: 1.2672 - categorical_accuracy: 0.5519 - val_loss: 1.3513 - val_categorical_accuracy: 0.5226
Epoch 43/200
0s - loss: 1.2621 - categorical_accuracy: 0.5546 - val_loss: 1.3505 - val_categorical_accuracy: 0.5237
Epoch 44/200
0s - loss: 1.2593 - categorical_accuracy: 0.5551 - val_loss: 1.3538 - val_categorical_accuracy: 0.5226
Epoch 45/200
0s - loss: 1.2586 - categorical_accuracy: 0.5557 - val_loss: 1.3489 - val_categorical_accuracy: 0.5243
Epoch 46/200
0s - loss: 1.2565 - categorical_accuracy: 0.5555 - val_loss: 1.3526 - val_categorical_accuracy: 0.5228
Epoch 47/200
0s - loss: 1.2522 - categorical_accuracy: 0.5576 - val_loss: 1.3503 - val_categorical_accuracy: 0.5233
Epoch 48/200
0s - loss: 1.2500 - categorical_accuracy: 0.5578 - val_loss: 1.3495 - val_categorical_accuracy: 0.5237
Epoch 49/200
0s - loss: 1.2463 - categorical_accuracy: 0.5598 - val_loss: 1.3462 - val_categorical_accuracy: 0.5245
Epoch 50/200
0s - loss: 1.2424 - categorical_accuracy: 0.5611 - val_loss: 1.3500 - val_categorical_accuracy: 0.5246
Epoch 51/200
0s - loss: 1.2406 - categorical_accuracy: 0.5622 - val_loss: 1.3492 - val_categorical_accuracy: 0.5220
Epoch 52/200
0s - loss: 1.2368 - categorical_accuracy: 0.5635 - val_loss: 1.3566 - val_categorical_accuracy: 0.5211
Epoch 53/200
0s - loss: 1.2364 - categorical_accuracy: 0.5631 - val_loss: 1.3482 - val_categorical_accuracy: 0.5238
Epoch 54/200
0s - loss: 1.2317 - categorical_accuracy: 0.5653 - val_loss: 1.3486 - val_categorical_accuracy: 0.5253
Epoch 55/200
0s - loss: 1.2299 - categorical_accuracy: 0.5654 - val_loss: 1.3515 - val_categorical_accuracy: 0.5229
Epoch 56/200
0s - loss: 1.2299 - categorical_accuracy: 0.5655 - val_loss: 1.3488 - val_categorical_accuracy: 0.5221
Epoch 57/200
0s - loss: 1.2264 - categorical_accuracy: 0.5671 - val_loss: 1.3493 - val_categorical_accuracy: 0.5264
Epoch 58/200
0s - loss: 1.2232 - categorical_accuracy: 0.5679 - val_loss: 1.3492 - val_categorical_accuracy: 0.5228
Epoch 59/200
0s - loss: 1.2216 - categorical_accuracy: 0.5684 - val_loss: 1.3526 - val_categorical_accuracy: 0.5250
Epoch 60/200
0s - loss: 1.2200 - categorical_accuracy: 0.5689 - val_loss: 1.3478 - val_categorical_accuracy: 0.5267
[1.3425695021049524, 0.52700996678532952]
