nohup: ignoring input
Using Theano backend.
ERROR (theano.sandbox.cuda): nvcc compiler not found on $PATH. Check your nvcc installation and try again.
1000
2000
(2400, 91)
Now building model
Now training the model...
Train on 2400 samples, validate on 300 samples
Epoch 1/200
1s - loss: 2.4756 - categorical_accuracy: 0.0808 - val_loss: 1.6931 - val_categorical_accuracy: 0.4000
Epoch 2/200
2s - loss: 1.6555 - categorical_accuracy: 0.4554 - val_loss: 1.3100 - val_categorical_accuracy: 0.5567
Epoch 3/200
2s - loss: 1.2682 - categorical_accuracy: 0.5763 - val_loss: 1.1168 - val_categorical_accuracy: 0.6233
Epoch 4/200
2s - loss: 1.0688 - categorical_accuracy: 0.6350 - val_loss: 0.9991 - val_categorical_accuracy: 0.6633
Epoch 5/200
2s - loss: 0.9371 - categorical_accuracy: 0.6871 - val_loss: 0.9218 - val_categorical_accuracy: 0.6767
Epoch 6/200
2s - loss: 0.8429 - categorical_accuracy: 0.7275 - val_loss: 0.8683 - val_categorical_accuracy: 0.6800
Epoch 7/200
2s - loss: 0.7740 - categorical_accuracy: 0.7525 - val_loss: 0.8266 - val_categorical_accuracy: 0.7000
Epoch 8/200
2s - loss: 0.7203 - categorical_accuracy: 0.7758 - val_loss: 0.7940 - val_categorical_accuracy: 0.7267
Epoch 9/200
2s - loss: 0.6789 - categorical_accuracy: 0.7925 - val_loss: 0.7690 - val_categorical_accuracy: 0.7167
Epoch 10/200
2s - loss: 0.6474 - categorical_accuracy: 0.8042 - val_loss: 0.7480 - val_categorical_accuracy: 0.7233
Epoch 11/200
2s - loss: 0.6203 - categorical_accuracy: 0.8067 - val_loss: 0.7280 - val_categorical_accuracy: 0.7333
Epoch 12/200
2s - loss: 0.5947 - categorical_accuracy: 0.8117 - val_loss: 0.7086 - val_categorical_accuracy: 0.7367
Epoch 13/200
2s - loss: 0.5708 - categorical_accuracy: 0.8179 - val_loss: 0.6903 - val_categorical_accuracy: 0.7400
Epoch 14/200
2s - loss: 0.5495 - categorical_accuracy: 0.8267 - val_loss: 0.6732 - val_categorical_accuracy: 0.7400
Epoch 15/200
2s - loss: 0.5303 - categorical_accuracy: 0.8333 - val_loss: 0.6575 - val_categorical_accuracy: 0.7500
Epoch 16/200
2s - loss: 0.5127 - categorical_accuracy: 0.8367 - val_loss: 0.6437 - val_categorical_accuracy: 0.7533
Epoch 17/200
2s - loss: 0.4968 - categorical_accuracy: 0.8413 - val_loss: 0.6315 - val_categorical_accuracy: 0.7567
Epoch 18/200
2s - loss: 0.4823 - categorical_accuracy: 0.8454 - val_loss: 0.6200 - val_categorical_accuracy: 0.7633
Epoch 19/200
2s - loss: 0.4685 - categorical_accuracy: 0.8517 - val_loss: 0.6090 - val_categorical_accuracy: 0.7700
Epoch 20/200
2s - loss: 0.4550 - categorical_accuracy: 0.8533 - val_loss: 0.5988 - val_categorical_accuracy: 0.7733
Epoch 21/200
2s - loss: 0.4423 - categorical_accuracy: 0.8587 - val_loss: 0.5895 - val_categorical_accuracy: 0.7867
Epoch 22/200
2s - loss: 0.4307 - categorical_accuracy: 0.8642 - val_loss: 0.5808 - val_categorical_accuracy: 0.7867
Epoch 23/200
2s - loss: 0.4197 - categorical_accuracy: 0.8717 - val_loss: 0.5724 - val_categorical_accuracy: 0.7933
Epoch 24/200
2s - loss: 0.4089 - categorical_accuracy: 0.8750 - val_loss: 0.5645 - val_categorical_accuracy: 0.7967
Epoch 25/200
2s - loss: 0.3982 - categorical_accuracy: 0.8788 - val_loss: 0.5577 - val_categorical_accuracy: 0.8000
Epoch 26/200
2s - loss: 0.3881 - categorical_accuracy: 0.8813 - val_loss: 0.5522 - val_categorical_accuracy: 0.8033
Epoch 27/200
2s - loss: 0.3787 - categorical_accuracy: 0.8825 - val_loss: 0.5477 - val_categorical_accuracy: 0.8033
Epoch 28/200
2s - loss: 0.3698 - categorical_accuracy: 0.8875 - val_loss: 0.5442 - val_categorical_accuracy: 0.8000
Epoch 29/200
2s - loss: 0.3613 - categorical_accuracy: 0.8921 - val_loss: 0.5412 - val_categorical_accuracy: 0.8067
Epoch 30/200
2s - loss: 0.3533 - categorical_accuracy: 0.8954 - val_loss: 0.5386 - val_categorical_accuracy: 0.8167
Epoch 31/200
2s - loss: 0.3456 - categorical_accuracy: 0.8983 - val_loss: 0.5359 - val_categorical_accuracy: 0.8200
Epoch 32/200
2s - loss: 0.3380 - categorical_accuracy: 0.9025 - val_loss: 0.5329 - val_categorical_accuracy: 0.8233
Epoch 33/200
2s - loss: 0.3305 - categorical_accuracy: 0.9042 - val_loss: 0.5299 - val_categorical_accuracy: 0.8200
Epoch 34/200
2s - loss: 0.3232 - categorical_accuracy: 0.9075 - val_loss: 0.5266 - val_categorical_accuracy: 0.8200
Epoch 35/200
2s - loss: 0.3163 - categorical_accuracy: 0.9083 - val_loss: 0.5233 - val_categorical_accuracy: 0.8200
Epoch 36/200
2s - loss: 0.3094 - categorical_accuracy: 0.9096 - val_loss: 0.5198 - val_categorical_accuracy: 0.8167
Epoch 37/200
2s - loss: 0.3027 - categorical_accuracy: 0.9125 - val_loss: 0.5163 - val_categorical_accuracy: 0.8167
Epoch 38/200
2s - loss: 0.2961 - categorical_accuracy: 0.9171 - val_loss: 0.5129 - val_categorical_accuracy: 0.8200
Epoch 39/200
2s - loss: 0.2897 - categorical_accuracy: 0.9192 - val_loss: 0.5096 - val_categorical_accuracy: 0.8233
Epoch 40/200
2s - loss: 0.2835 - categorical_accuracy: 0.9225 - val_loss: 0.5064 - val_categorical_accuracy: 0.8200
Epoch 41/200
2s - loss: 0.2775 - categorical_accuracy: 0.9229 - val_loss: 0.5032 - val_categorical_accuracy: 0.8267
Epoch 42/200
2s - loss: 0.2717 - categorical_accuracy: 0.9250 - val_loss: 0.4999 - val_categorical_accuracy: 0.8267
Epoch 43/200
2s - loss: 0.2660 - categorical_accuracy: 0.9283 - val_loss: 0.4964 - val_categorical_accuracy: 0.8267
Epoch 44/200
2s - loss: 0.2605 - categorical_accuracy: 0.9308 - val_loss: 0.4928 - val_categorical_accuracy: 0.8300
Epoch 45/200
2s - loss: 0.2550 - categorical_accuracy: 0.9346 - val_loss: 0.4894 - val_categorical_accuracy: 0.8233
Epoch 46/200
2s - loss: 0.2497 - categorical_accuracy: 0.9354 - val_loss: 0.4862 - val_categorical_accuracy: 0.8233
Epoch 47/200
2s - loss: 0.2445 - categorical_accuracy: 0.9392 - val_loss: 0.4833 - val_categorical_accuracy: 0.8233
Epoch 48/200
2s - loss: 0.2394 - categorical_accuracy: 0.9417 - val_loss: 0.4807 - val_categorical_accuracy: 0.8233
Epoch 49/200
2s - loss: 0.2343 - categorical_accuracy: 0.9433 - val_loss: 0.4783 - val_categorical_accuracy: 0.8267
Epoch 50/200
2s - loss: 0.2294 - categorical_accuracy: 0.9471 - val_loss: 0.4759 - val_categorical_accuracy: 0.8300
Epoch 51/200
2s - loss: 0.2246 - categorical_accuracy: 0.9492 - val_loss: 0.4735 - val_categorical_accuracy: 0.8267
Epoch 52/200
2s - loss: 0.2199 - categorical_accuracy: 0.9513 - val_loss: 0.4708 - val_categorical_accuracy: 0.8267
Epoch 53/200
2s - loss: 0.2152 - categorical_accuracy: 0.9521 - val_loss: 0.4682 - val_categorical_accuracy: 0.8267
Epoch 54/200
2s - loss: 0.2106 - categorical_accuracy: 0.9538 - val_loss: 0.4657 - val_categorical_accuracy: 0.8300
Epoch 55/200
2s - loss: 0.2061 - categorical_accuracy: 0.9538 - val_loss: 0.4634 - val_categorical_accuracy: 0.8367
Epoch 56/200
2s - loss: 0.2017 - categorical_accuracy: 0.9550 - val_loss: 0.4613 - val_categorical_accuracy: 0.8400
Epoch 57/200
2s - loss: 0.1973 - categorical_accuracy: 0.9571 - val_loss: 0.4593 - val_categorical_accuracy: 0.8400
Epoch 58/200
2s - loss: 0.1930 - categorical_accuracy: 0.9596 - val_loss: 0.4574 - val_categorical_accuracy: 0.8400
Epoch 59/200
2s - loss: 0.1888 - categorical_accuracy: 0.9600 - val_loss: 0.4554 - val_categorical_accuracy: 0.8400
Epoch 60/200
2s - loss: 0.1846 - categorical_accuracy: 0.9621 - val_loss: 0.4533 - val_categorical_accuracy: 0.8400
Epoch 61/200
2s - loss: 0.1805 - categorical_accuracy: 0.9625 - val_loss: 0.4511 - val_categorical_accuracy: 0.8367
Epoch 62/200
2s - loss: 0.1765 - categorical_accuracy: 0.9638 - val_loss: 0.4490 - val_categorical_accuracy: 0.8433
Epoch 63/200
2s - loss: 0.1725 - categorical_accuracy: 0.9650 - val_loss: 0.4470 - val_categorical_accuracy: 0.8433
Epoch 64/200
2s - loss: 0.1686 - categorical_accuracy: 0.9671 - val_loss: 0.4452 - val_categorical_accuracy: 0.8433
Epoch 65/200
2s - loss: 0.1647 - categorical_accuracy: 0.9679 - val_loss: 0.4435 - val_categorical_accuracy: 0.8400
Epoch 66/200
2s - loss: 0.1609 - categorical_accuracy: 0.9692 - val_loss: 0.4419 - val_categorical_accuracy: 0.8400
Epoch 67/200
2s - loss: 0.1571 - categorical_accuracy: 0.9712 - val_loss: 0.4404 - val_categorical_accuracy: 0.8400
Epoch 68/200
2s - loss: 0.1534 - categorical_accuracy: 0.9712 - val_loss: 0.4389 - val_categorical_accuracy: 0.8433
Epoch 69/200
2s - loss: 0.1498 - categorical_accuracy: 0.9717 - val_loss: 0.4376 - val_categorical_accuracy: 0.8467
Epoch 70/200
2s - loss: 0.1462 - categorical_accuracy: 0.9725 - val_loss: 0.4362 - val_categorical_accuracy: 0.8500
Epoch 71/200
2s - loss: 0.1427 - categorical_accuracy: 0.9729 - val_loss: 0.4348 - val_categorical_accuracy: 0.8500
Epoch 72/200
2s - loss: 0.1393 - categorical_accuracy: 0.9746 - val_loss: 0.4334 - val_categorical_accuracy: 0.8533
Epoch 73/200
2s - loss: 0.1359 - categorical_accuracy: 0.9754 - val_loss: 0.4319 - val_categorical_accuracy: 0.8533
Epoch 74/200
2s - loss: 0.1326 - categorical_accuracy: 0.9771 - val_loss: 0.4304 - val_categorical_accuracy: 0.8567
Epoch 75/200
2s - loss: 0.1294 - categorical_accuracy: 0.9783 - val_loss: 0.4290 - val_categorical_accuracy: 0.8600
Epoch 76/200
2s - loss: 0.1262 - categorical_accuracy: 0.9783 - val_loss: 0.4277 - val_categorical_accuracy: 0.8600
Epoch 77/200
2s - loss: 0.1231 - categorical_accuracy: 0.9787 - val_loss: 0.4265 - val_categorical_accuracy: 0.8633
Epoch 78/200
2s - loss: 0.1201 - categorical_accuracy: 0.9804 - val_loss: 0.4254 - val_categorical_accuracy: 0.8633
Epoch 79/200
2s - loss: 0.1171 - categorical_accuracy: 0.9808 - val_loss: 0.4243 - val_categorical_accuracy: 0.8700
Epoch 80/200
2s - loss: 0.1142 - categorical_accuracy: 0.9812 - val_loss: 0.4233 - val_categorical_accuracy: 0.8700
Epoch 81/200
2s - loss: 0.1113 - categorical_accuracy: 0.9812 - val_loss: 0.4223 - val_categorical_accuracy: 0.8700
Epoch 82/200
2s - loss: 0.1085 - categorical_accuracy: 0.9821 - val_loss: 0.4214 - val_categorical_accuracy: 0.8700
Epoch 83/200
2s - loss: 0.1058 - categorical_accuracy: 0.9842 - val_loss: 0.4205 - val_categorical_accuracy: 0.8700
Epoch 84/200
2s - loss: 0.1031 - categorical_accuracy: 0.9842 - val_loss: 0.4196 - val_categorical_accuracy: 0.8700
Epoch 85/200
2s - loss: 0.1005 - categorical_accuracy: 0.9862 - val_loss: 0.4188 - val_categorical_accuracy: 0.8700
Epoch 86/200
2s - loss: 0.0980 - categorical_accuracy: 0.9871 - val_loss: 0.4180 - val_categorical_accuracy: 0.8700
Epoch 87/200
2s - loss: 0.0954 - categorical_accuracy: 0.9879 - val_loss: 0.4173 - val_categorical_accuracy: 0.8700
Epoch 88/200
2s - loss: 0.0930 - categorical_accuracy: 0.9879 - val_loss: 0.4167 - val_categorical_accuracy: 0.8667
Epoch 89/200
2s - loss: 0.0906 - categorical_accuracy: 0.9879 - val_loss: 0.4163 - val_categorical_accuracy: 0.8667
Epoch 90/200
2s - loss: 0.0883 - categorical_accuracy: 0.9879 - val_loss: 0.4159 - val_categorical_accuracy: 0.8633
Epoch 91/200
2s - loss: 0.0860 - categorical_accuracy: 0.9887 - val_loss: 0.4156 - val_categorical_accuracy: 0.8633
Epoch 92/200
2s - loss: 0.0837 - categorical_accuracy: 0.9887 - val_loss: 0.4152 - val_categorical_accuracy: 0.8633
Epoch 93/200
2s - loss: 0.0816 - categorical_accuracy: 0.9904 - val_loss: 0.4149 - val_categorical_accuracy: 0.8667
Epoch 94/200
2s - loss: 0.0794 - categorical_accuracy: 0.9925 - val_loss: 0.4146 - val_categorical_accuracy: 0.8700
Epoch 95/200
2s - loss: 0.0774 - categorical_accuracy: 0.9933 - val_loss: 0.4143 - val_categorical_accuracy: 0.8700
Epoch 96/200
2s - loss: 0.0753 - categorical_accuracy: 0.9933 - val_loss: 0.4140 - val_categorical_accuracy: 0.8700
Epoch 97/200
2s - loss: 0.0733 - categorical_accuracy: 0.9937 - val_loss: 0.4138 - val_categorical_accuracy: 0.8700
Epoch 98/200
2s - loss: 0.0714 - categorical_accuracy: 0.9937 - val_loss: 0.4136 - val_categorical_accuracy: 0.8700
Epoch 99/200
2s - loss: 0.0695 - categorical_accuracy: 0.9942 - val_loss: 0.4135 - val_categorical_accuracy: 0.8700
Epoch 100/200
2s - loss: 0.0677 - categorical_accuracy: 0.9946 - val_loss: 0.4134 - val_categorical_accuracy: 0.8700
Epoch 101/200
2s - loss: 0.0659 - categorical_accuracy: 0.9946 - val_loss: 0.4133 - val_categorical_accuracy: 0.8700
Epoch 102/200
2s - loss: 0.0642 - categorical_accuracy: 0.9958 - val_loss: 0.4133 - val_categorical_accuracy: 0.8700
Epoch 103/200
2s - loss: 0.0625 - categorical_accuracy: 0.9962 - val_loss: 0.4133 - val_categorical_accuracy: 0.8700
Epoch 104/200
2s - loss: 0.0608 - categorical_accuracy: 0.9962 - val_loss: 0.4133 - val_categorical_accuracy: 0.8667
Epoch 105/200
2s - loss: 0.0592 - categorical_accuracy: 0.9962 - val_loss: 0.4133 - val_categorical_accuracy: 0.8667
Epoch 106/200
2s - loss: 0.0577 - categorical_accuracy: 0.9962 - val_loss: 0.4133 - val_categorical_accuracy: 0.8667
Epoch 107/200
2s - loss: 0.0561 - categorical_accuracy: 0.9962 - val_loss: 0.4134 - val_categorical_accuracy: 0.8667
Epoch 108/200
2s - loss: 0.0547 - categorical_accuracy: 0.9962 - val_loss: 0.4134 - val_categorical_accuracy: 0.8667
Epoch 109/200
2s - loss: 0.0532 - categorical_accuracy: 0.9962 - val_loss: 0.4135 - val_categorical_accuracy: 0.8667
Epoch 110/200
2s - loss: 0.0518 - categorical_accuracy: 0.9962 - val_loss: 0.4137 - val_categorical_accuracy: 0.8667
Epoch 111/200
2s - loss: 0.0504 - categorical_accuracy: 0.9967 - val_loss: 0.4138 - val_categorical_accuracy: 0.8667
Epoch 112/200
2s - loss: 0.0491 - categorical_accuracy: 0.9975 - val_loss: 0.4140 - val_categorical_accuracy: 0.8667
Epoch 113/200
2s - loss: 0.0478 - categorical_accuracy: 0.9983 - val_loss: 0.4142 - val_categorical_accuracy: 0.8633
Epoch 114/200
2s - loss: 0.0466 - categorical_accuracy: 0.9983 - val_loss: 0.4144 - val_categorical_accuracy: 0.8633
Epoch 115/200
2s - loss: 0.0454 - categorical_accuracy: 0.9983 - val_loss: 0.4146 - val_categorical_accuracy: 0.8633
[0.42483845392862957, 0.87999999920527139]
